-------------------------------------------------------------------------------
Test set: com.javatechie.spring.batch.BatchProcessingDemoApplicationTests
-------------------------------------------------------------------------------
Tests run: 1, Failures: 0, Errors: 1, Skipped: 0, Time elapsed: 2.875 s <<< FAILURE! - in com.javatechie.spring.batch.BatchProcessingDemoApplicationTests
contextLoads  Time elapsed: 0.007 s  <<< ERROR!
java.lang.IllegalStateException: Failed to load ApplicationContext
Caused by: org.springframework.beans.factory.UnsatisfiedDependencyException: Error creating bean with name 'taskletConfig' defined in file [C:\Users\nurza\OneDrive\Desktop\workspace\spring-batch-example\target\classes\com\javatechie\spring\batch\config\TaskletConfig.class]: Unsatisfied dependency expressed through constructor parameter 2; nested exception is org.springframework.beans.factory.NoSuchBeanDefinitionException: No qualifying bean of type 'com.javatechie.spring.batch.config.MyTasklet' available: expected at least 1 bean which qualifies as autowire candidate. Dependency annotations: {}
Caused by: org.springframework.beans.factory.NoSuchBeanDefinitionException: No qualifying bean of type 'com.javatechie.spring.batch.config.MyTasklet' available: expected at least 1 bean which qualifies as autowire candidate. Dependency annotations: {}

